<?xml version="1.0" encoding="UTF-8"?>
<!-- Generated by org.testng.reporters.JUnitReportReporter -->
<testsuite hostname="DESKTOP-54M8AA4" failures="0" tests="4" name="Petstore.PetTestCases" time="7.665" errors="0" timestamp="2021-04-04T16:21:56 EET" skipped="0">
  <testcase classname="Petstore.PetTestCases" name="addPet" time="5.084"/>
  <system-out/>
  <testcase classname="Petstore.PetTestCases" name="getPetId" time="0.933"/>
  <system-out/>
  <testcase classname="Petstore.PetTestCases" name="updatePet" time="0.819"/>
  <system-out/>
  <testcase classname="Petstore.PetTestCases" name="deletePet" time="0.829"/>
  <system-out/>
</testsuite> <!-- Petstore.PetTestCases -->
